# JRE version: Java(TM) SE Runtime Environment (8.0_111-b14) (build 1.8.0_111-b14)
# Java VM: Java HotSpot(TM) 64-Bit Server VM (25.111-b14 mixed mode windows-amd64 compressed oops)
Heap:
 PSYoungGen      total 172544K, used 125037K [0x00000000d6180000, 0x00000000e5380000, 0x0000000100000000)
  eden space 155648K, 73% used [0x00000000d6180000,0x00000000dd16adb8,0x00000000df980000)
  from space 16896K, 61% used [0x00000000df980000,0x00000000e03b06d0,0x00000000e0a00000)
  to   space 16384K, 0% used [0x00000000e4380000,0x00000000e4380000,0x00000000e5380000)
 ParOldGen       total 98304K, used 36234K [0x0000000082400000, 0x0000000088400000, 0x00000000d6180000)
  object space 98304K, 36% used [0x0000000082400000,0x00000000847629a8,0x0000000088400000)
 Metaspace       used 45188K, capacity 47274K, committed 47400K, reserved 1091584K
  class space    used 5709K, capacity 6105K, committed 6184K, reserved 1048576K
GC Heap History (10 events):
Event: 7.053 GC heap before
{Heap before GC invocations=9 (full 2):
 PSYoungGen      total 89600K, used 74240K [0x00000000d6180000, 0x00000000dcc00000, 0x0000000100000000)
  eden space 74240K, 100% used [0x00000000d6180000,0x00000000daa00000,0x00000000daa00000)
  from space 15360K, 0% used [0x00000000dbd00000,0x00000000dbd00000,0x00000000dcc00000)
  to   space 17408K, 0% used [0x00000000daa00000,0x00000000daa00000,0x00000000dbb00000)
 ParOldGen       total 98304K, used 11062K [0x0000000082400000, 0x0000000088400000, 0x00000000d6180000)
  object space 98304K, 11% used [0x0000000082400000,0x0000000082ecdac0,0x0000000088400000)
 Metaspace       used 42699K, capacity 44686K, committed 44968K, reserved 1087488K
  class space    used 5597K, capacity 5959K, committed 6056K, reserved 1048576K
Event: 7.066 GC heap after
Heap after GC invocations=9 (full 2):
 PSYoungGen      total 91648K, used 11509K [0x00000000d6180000, 0x00000000ded80000, 0x0000000100000000)
  eden space 74240K, 0% used [0x00000000d6180000,0x00000000d6180000,0x00000000daa00000)
  from space 17408K, 66% used [0x00000000daa00000,0x00000000db53d5b0,0x00000000dbb00000)
  to   space 16896K, 0% used [0x00000000ddd00000,0x00000000ddd00000,0x00000000ded80000)
 ParOldGen       total 98304K, used 11070K [0x0000000082400000, 0x0000000088400000, 0x00000000d6180000)
  object space 98304K, 11% used [0x0000000082400000,0x0000000082ecfac0,0x0000000088400000)
 Metaspace       used 42699K, capacity 44686K, committed 44968K, reserved 1087488K
  class space    used 5597K, capacity 5959K, committed 6056K, reserved 1048576K
}
Event: 7.210 GC heap before
{Heap before GC invocations=10 (full 2):
 PSYoungGen      total 91648K, used 85729K [0x00000000d6180000, 0x00000000ded80000, 0x0000000100000000)
  eden space 74240K, 99% used [0x00000000d6180000,0x00000000da9fb160,0x00000000daa00000)
  from space 17408K, 66% used [0x00000000daa00000,0x00000000db53d5b0,0x00000000dbb00000)
  to   space 16896K, 0% used [0x00000000ddd00000,0x00000000ddd00000,0x00000000ded80000)
 ParOldGen       total 98304K, used 11070K [0x0000000082400000, 0x0000000088400000, 0x00000000d6180000)
  object space 98304K, 11% used [0x0000000082400000,0x0000000082ecfac0,0x0000000088400000)
 Metaspace       used 42898K, capacity 44878K, committed 45224K, reserved 1089536K
  class space    used 5611K, capacity 5959K, committed 6056K, reserved 1048576K
Event: 7.222 GC heap after
Heap after GC invocations=10 (full 2):
 PSYoungGen      total 126464K, used 10953K [0x00000000d6180000, 0x00000000df600000, 0x0000000100000000)
  eden space 109568K, 0% used [0x00000000d6180000,0x00000000d6180000,0x00000000dcc80000)
  from space 16896K, 64% used [0x00000000ddd00000,0x00000000de7b2548,0x00000000ded80000)
  to   space 16896K, 0% used [0x00000000dcc80000,0x00000000dcc80000,0x00000000ddd00000)
 ParOldGen       total 98304K, used 11078K [0x0000000082400000, 0x0000000088400000, 0x00000000d6180000)
  object space 98304K, 11% used [0x0000000082400000,0x0000000082ed1ac0,0x0000000088400000)
 Metaspace       used 42898K, capacity 44878K, committed 45224K, reserved 1089536K
  class space    used 5611K, capacity 5959K, committed 6056K, reserved 1048576K
}
Event: 7.280 GC heap before
{Heap before GC invocations=11 (full 2):
 PSYoungGen      total 126464K, used 120448K [0x00000000d6180000, 0x00000000df600000, 0x0000000100000000)
  eden space 109568K, 99% used [0x00000000d6180000,0x00000000dcc6dcc0,0x00000000dcc80000)
  from space 16896K, 64% used [0x00000000ddd00000,0x00000000de7b2548,0x00000000ded80000)
  to   space 16896K, 0% used [0x00000000dcc80000,0x00000000dcc80000,0x00000000ddd00000)
 ParOldGen       total 98304K, used 11078K [0x0000000082400000, 0x0000000088400000, 0x00000000d6180000)
  object space 98304K, 11% used [0x0000000082400000,0x0000000082ed1ac0,0x0000000088400000)
 Metaspace       used 42901K, capacity 44878K, committed 45224K, reserved 1089536K
  class space    used 5611K, capacity 5959K, committed 6056K, reserved 1048576K
Event: 7.293 GC heap after
Heap after GC invocations=11 (full 2):
 PSYoungGen      total 126464K, used 10996K [0x00000000d6180000, 0x00000000e1c80000, 0x0000000100000000)
  eden space 109568K, 0% used [0x00000000d6180000,0x00000000d6180000,0x00000000dcc80000)
  from space 16896K, 65% used [0x00000000dcc80000,0x00000000dd73d208,0x00000000ddd00000)
  to   space 16384K, 0% used [0x00000000e0c80000,0x00000000e0c80000,0x00000000e1c80000)
 ParOldGen       total 98304K, used 11086K [0x0000000082400000, 0x0000000088400000, 0x00000000d6180000)
  object space 98304K, 11% used [0x0000000082400000,0x0000000082ed3ac0,0x0000000088400000)
 Metaspace       used 42901K, capacity 44878K, committed 45224K, reserved 1089536K
  class space    used 5611K, capacity 5959K, committed 6056K, reserved 1048576K
}
Event: 8.497 GC heap before
{Heap before GC invocations=12 (full 2):
 PSYoungGen      total 126464K, used 120564K [0x00000000d6180000, 0x00000000e1c80000, 0x0000000100000000)
  eden space 109568K, 100% used [0x00000000d6180000,0x00000000dcc80000,0x00000000dcc80000)
  from space 16896K, 65% used [0x00000000dcc80000,0x00000000dd73d208,0x00000000ddd00000)
  to   space 16384K, 0% used [0x00000000e0c80000,0x00000000e0c80000,0x00000000e1c80000)
 ParOldGen       total 98304K, used 11086K [0x0000000082400000, 0x0000000088400000, 0x00000000d6180000)
  object space 98304K, 11% used [0x0000000082400000,0x0000000082ed3ac0,0x0000000088400000)
 Metaspace       used 43394K, capacity 45394K, committed 45480K, reserved 1089536K
  class space    used 5653K, capacity 6041K, committed 6056K, reserved 1048576K
Event: 8.510 GC heap after
Heap after GC invocations=12 (full 2):
 PSYoungGen      total 169984K, used 12936K [0x00000000d6180000, 0x00000000e1a80000, 0x0000000100000000)
  eden space 155648K, 0% used [0x00000000d6180000,0x00000000d6180000,0x00000000df980000)
  from space 14336K, 90% used [0x00000000e0c80000,0x00000000e1922250,0x00000000e1a80000)
  to   space 16896K, 0% used [0x00000000df980000,0x00000000df980000,0x00000000e0a00000)
 ParOldGen       total 98304K, used 11094K [0x0000000082400000, 0x0000000088400000, 0x00000000d6180000)
  object space 98304K, 11% used [0x0000000082400000,0x0000000082ed5ac0,0x0000000088400000)
 Metaspace       used 43394K, capacity 45394K, committed 45480K, reserved 1089536K
  class space    used 5653K, capacity 6041K, committed 6056K, reserved 1048576K
}
Event: 32.921 GC heap before
{Heap before GC invocations=13 (full 2):
 PSYoungGen      total 169984K, used 168584K [0x00000000d6180000, 0x00000000e1a80000, 0x0000000100000000)
  eden space 155648K, 100% used [0x00000000d6180000,0x00000000df980000,0x00000000df980000)
  from space 14336K, 90% used [0x00000000e0c80000,0x00000000e1922250,0x00000000e1a80000)
  to   space 16896K, 0% used [0x00000000df980000,0x00000000df980000,0x00000000e0a00000)
 ParOldGen       total 98304K, used 11094K [0x0000000082400000, 0x0000000088400000, 0x00000000d6180000)
  object space 98304K, 11% used [0x0000000082400000,0x0000000082ed5ac0,0x0000000088400000)
 Metaspace       used 44691K, capacity 46794K, committed 46888K, reserved 1089536K
  class space    used 5705K, capacity 6103K, committed 6184K, reserved 1048576K
Event: 32.946 GC heap after
Heap after GC invocations=13 (full 2):
 PSYoungGen      total 172544K, used 10433K [0x00000000d6180000, 0x00000000e5380000, 0x0000000100000000)
  eden space 155648K, 0% used [0x00000000d6180000,0x00000000d6180000,0x00000000df980000)
  from space 16896K, 61% used [0x00000000df980000,0x00000000e03b06d0,0x00000000e0a00000)
  to   space 16384K, 0% used [0x00000000e4380000,0x00000000e4380000,0x00000000e5380000)
 ParOldGen       total 98304K, used 36234K [0x0000000082400000, 0x0000000088400000, 0x00000000d6180000)
  object space 98304K, 36% used [0x0000000082400000,0x00000000847629a8,0x0000000088400000)
 Metaspace       used 44691K, capacity 46794K, committed 46888K, reserved 1089536K
  class space    used 5705K, capacity 6103K, committed 6184K, reserved 1048576K
}

